09:32:59.597 [INFO ] org.hibernate.Version HHH000412: Hibernate Core {5.2.10.Final}
09:32:59.601 [INFO ] org.hibernate.cfg.Environment HHH000206: hibernate.properties not found
09:32:59.640 [INFO ] org.hibernate.annotations.common.Version HCANN000001: Hibernate Commons Annotations {5.0.1.Final}
09:32:59.743 [INFO ] org.hibernate.engine.jdbc.connections.internal.ConnectionProviderInitiator HHH000130: Instantiating explicit connection provider: org.hibernate.service.jdbc.connections.internal.C3P0ConnectionProvider
09:51:10.939 [INFO ] org.hibernate.Version HHH000412: Hibernate Core {5.2.10.Final}
09:51:10.940 [INFO ] org.hibernate.cfg.Environment HHH000206: hibernate.properties not found
09:51:10.972 [INFO ] org.hibernate.annotations.common.Version HCANN000001: Hibernate Commons Annotations {5.0.1.Final}
09:51:11.068 [INFO ] org.hibernate.engine.jdbc.connections.internal.ConnectionProviderInitiator HHH000130: Instantiating explicit connection provider: org.hibernate.c3p0.internal.C3P0ConnectionProvider
09:51:11.069 [INFO ] org.hibernate.c3p0.internal.C3P0ConnectionProvider HHH010002: C3P0 using driver: com.mysql.jdbc.Driver at URL: jdbc:mysql://127.0.0.1:3306/see?useUnicode=true
09:51:11.069 [INFO ] org.hibernate.c3p0.internal.C3P0ConnectionProvider HHH10001001: Connection properties: {user=root, password=****}
09:51:11.070 [INFO ] org.hibernate.c3p0.internal.C3P0ConnectionProvider HHH10001003: Autocommit mode: false
09:51:11.420 [INFO ] org.hibernate.c3p0.internal.C3P0ConnectionProvider HHH10001007: JDBC isolation level: <unknown>
09:51:11.746 [INFO ] org.hibernate.dialect.Dialect HHH000400: Using dialect: org.hibernate.dialect.MySQLDialect
09:51:12.303 [INFO ] org.hibernate.orm.connections.access HHH10001501: Connection obtained from JdbcConnectionAccess [org.hibernate.engine.jdbc.env.internal.JdbcEnvironmentInitiator$ConnectionProviderJdbcConnectionAccess@5ded7c59] for (non-JTA) DDL execution was not in auto-commit mode; the Connection 'local transaction' will be committed and the Connection will be set into auto-commit mode.
09:51:14.156 [INFO ] org.hibernate.hql.internal.QueryTranslatorFactoryInitiator HHH000397: Using ASTQueryTranslatorFactory
09:53:18.698 [INFO ] org.hibernate.jpa.internal.util.LogHelper HHH000204: Processing PersistenceUnitInfo [
	name: see
	...]
09:53:18.873 [INFO ] org.hibernate.Version HHH000412: Hibernate Core {5.2.10.Final}
09:53:18.874 [INFO ] org.hibernate.cfg.Environment HHH000206: hibernate.properties not found
09:53:18.907 [INFO ] org.hibernate.annotations.common.Version HCANN000001: Hibernate Commons Annotations {5.0.1.Final}
09:53:18.986 [INFO ] org.hibernate.engine.jdbc.connections.internal.ConnectionProviderInitiator HHH000130: Instantiating explicit connection provider: org.hibernate.c3p0.internal.C3P0ConnectionProvider
09:53:18.989 [INFO ] org.hibernate.c3p0.internal.C3P0ConnectionProvider HHH010002: C3P0 using driver: com.mysql.jdbc.Driver at URL: jdbc:mysql://127.0.0.1:3306/see?useUnicode=true
09:53:18.989 [INFO ] org.hibernate.c3p0.internal.C3P0ConnectionProvider HHH10001001: Connection properties: {user=root, password=****}
09:53:18.989 [INFO ] org.hibernate.c3p0.internal.C3P0ConnectionProvider HHH10001003: Autocommit mode: false
09:53:19.178 [INFO ] org.hibernate.c3p0.internal.C3P0ConnectionProvider HHH10001007: JDBC isolation level: <unknown>
09:53:19.452 [INFO ] org.hibernate.dialect.Dialect HHH000400: Using dialect: org.hibernate.dialect.MySQLDialect
09:53:19.948 [INFO ] org.hibernate.orm.connections.access HHH10001501: Connection obtained from JdbcConnectionAccess [org.hibernate.engine.jdbc.env.internal.JdbcEnvironmentInitiator$ConnectionProviderJdbcConnectionAccess@203a25ad] for (non-JTA) DDL execution was not in auto-commit mode; the Connection 'local transaction' will be committed and the Connection will be set into auto-commit mode.
09:53:20.930 [INFO ] org.hibernate.hql.internal.QueryTranslatorFactoryInitiator HHH000397: Using ASTQueryTranslatorFactory
14:13:57.979 [INFO ] org.springframework.test.context.support.DefaultTestContextBootstrapper Loaded default TestExecutionListener class names from location [META-INF/spring.factories]: [org.springframework.test.context.web.ServletTestExecutionListener, org.springframework.test.context.support.DirtiesContextBeforeModesTestExecutionListener, org.springframework.test.context.support.DependencyInjectionTestExecutionListener, org.springframework.test.context.support.DirtiesContextTestExecutionListener, org.springframework.test.context.transaction.TransactionalTestExecutionListener, org.springframework.test.context.jdbc.SqlScriptsTestExecutionListener]
14:13:57.988 [INFO ] org.springframework.test.context.support.DefaultTestContextBootstrapper Using TestExecutionListeners: [org.springframework.test.context.web.ServletTestExecutionListener@2d7275fc, org.springframework.test.context.support.DirtiesContextBeforeModesTestExecutionListener@399f45b1, org.springframework.test.context.support.DependencyInjectionTestExecutionListener@38c6f217, org.springframework.test.context.support.DirtiesContextTestExecutionListener@478190fc, org.springframework.test.context.transaction.TransactionalTestExecutionListener@79e2c065, org.springframework.test.context.jdbc.SqlScriptsTestExecutionListener@3a93b025]
14:13:58.106 [INFO ] org.springframework.beans.factory.xml.XmlBeanDefinitionReader Loading XML bean definitions from class path resource [application-context.xml]
14:13:58.272 [INFO ] org.springframework.beans.factory.xml.XmlBeanDefinitionReader Loading XML bean definitions from class path resource [spring-mvc.xml]
14:13:58.314 [INFO ] org.springframework.beans.factory.xml.XmlBeanDefinitionReader Loading XML bean definitions from class path resource [spring-db.xml]
14:13:58.479 [INFO ] org.springframework.context.support.GenericApplicationContext Refreshing org.springframework.context.support.GenericApplicationContext@41d477ed: startup date [Fri Nov 03 14:13:58 CST 2017]; root of context hierarchy
14:13:58.675 [INFO ] org.springframework.orm.jpa.persistenceunit.PersistenceUnitReader persistence.xml should be located inside META-INF directory; cannot determine persistence unit root URL for class path resource [persistence.xml]
14:13:58.677 [INFO ] org.springframework.orm.jpa.LocalContainerEntityManagerFactoryBean Building JPA container EntityManagerFactory for persistence unit 'see'
14:13:59.045 [INFO ] com.mchange.v2.log.MLog MLog clients using slf4j logging.
14:13:59.124 [INFO ] com.mchange.v2.c3p0.C3P0Registry Initializing c3p0-0.9.5.2 [built 08-December-2015 22:06:04 -0800; debug? true; trace: 10]
14:13:59.171 [INFO ] com.mchange.v2.c3p0.impl.AbstractPoolBackedDataSource Initializing c3p0 pool... com.mchange.v2.c3p0.PoolBackedDataSource@8d859d8a [ connectionPoolDataSource -> com.mchange.v2.c3p0.WrapperConnectionPoolDataSource@9bbc596 [ acquireIncrement -> 2, acquireRetryAttempts -> 30, acquireRetryDelay -> 1000, autoCommitOnClose -> false, automaticTestTable -> null, breakAfterAcquireFailure -> false, checkoutTimeout -> 0, connectionCustomizerClassName -> null, connectionTesterClassName -> com.mchange.v2.c3p0.impl.DefaultConnectionTester, contextClassLoaderSource -> caller, debugUnreturnedConnectionStackTraces -> false, factoryClassLocation -> null, forceIgnoreUnresolvedTransactions -> false, forceSynchronousCheckins -> false, identityToken -> 2zroyo9rznp3f514xitg9|3a7b503d, idleConnectionTestPeriod -> 3000, initialPoolSize -> 5, maxAdministrativeTaskTime -> 0, maxConnectionAge -> 0, maxIdleTime -> 5000, maxIdleTimeExcessConnections -> 0, maxPoolSize -> 20, maxStatements -> 10, maxStatementsPerConnection -> 0, minPoolSize -> 5, nestedDataSource -> com.mchange.v2.c3p0.DriverManagerDataSource@d6f959ed [ description -> null, driverClass -> null, factoryClassLocation -> null, forceUseNamedDriverClass -> false, identityToken -> 2zroyo9rznp3f514xitg9|72bca894, jdbcUrl -> jdbc:mysql://127.0.0.1:3306/see?useUnicode=true&useSSL=false, properties -> {user=******, password=******} ], preferredTestQuery -> null, privilegeSpawnedThreads -> false, propertyCycle -> 0, statementCacheNumDeferredCloseThreads -> 0, testConnectionOnCheckin -> false, testConnectionOnCheckout -> false, unreturnedConnectionTimeout -> 0, usesTraditionalReflectiveProxies -> false; userOverrides: {} ], dataSourceName -> null, extensions -> {}, factoryClassLocation -> null, identityToken -> 2zroyo9rznp3f514xitg9|33c2bd, numHelperThreads -> 3 ]
14:14:00.301 [INFO ] org.springframework.web.servlet.mvc.method.annotation.RequestMappingHandlerAdapter Looking for @ControllerAdvice: org.springframework.context.support.GenericApplicationContext@41d477ed: startup date [Fri Nov 03 14:13:58 CST 2017]; root of context hierarchy
14:14:00.346 [INFO ] org.springframework.web.servlet.mvc.method.annotation.RequestMappingHandlerAdapter Looking for @ControllerAdvice: org.springframework.context.support.GenericApplicationContext@41d477ed: startup date [Fri Nov 03 14:13:58 CST 2017]; root of context hierarchy
14:14:00.398 [INFO ] org.springframework.web.servlet.handler.SimpleUrlHandlerMapping Mapped URL path [/static/**] onto handler 'org.springframework.web.servlet.resource.ResourceHttpRequestHandler#0'
14:14:00.648 [WARN ] org.springframework.context.support.GenericApplicationContext Exception encountered during context initialization - cancelling refresh attempt: org.springframework.beans.factory.BeanCreationException: Error creating bean with name 'newsDao': Invocation of init method failed; nested exception is java.lang.IllegalArgumentException: Not a managed type: class yang.see.entity.News
14:14:00.655 [INFO ] org.springframework.orm.jpa.LocalContainerEntityManagerFactoryBean Closing JPA EntityManagerFactory for persistence unit 'see'
14:14:00.658 [ERROR] org.springframework.test.context.TestContextManager Caught exception while allowing TestExecutionListener [org.springframework.test.context.support.DependencyInjectionTestExecutionListener@38c6f217] to prepare test instance [null(yang.see.dao.UserDaoTest)]
java.lang.IllegalStateException: Failed to load ApplicationContext
	at org.springframework.test.context.cache.DefaultCacheAwareContextLoaderDelegate.loadContext(DefaultCacheAwareContextLoaderDelegate.java:124) ~[spring-test-4.2.6.RELEASE.jar:4.2.6.RELEASE]
	at org.springframework.test.context.support.DefaultTestContext.getApplicationContext(DefaultTestContext.java:83) ~[spring-test-4.2.6.RELEASE.jar:4.2.6.RELEASE]
	at org.springframework.test.context.support.DependencyInjectionTestExecutionListener.injectDependencies(DependencyInjectionTestExecutionListener.java:117) ~[spring-test-4.2.6.RELEASE.jar:4.2.6.RELEASE]
	at org.springframework.test.context.support.DependencyInjectionTestExecutionListener.prepareTestInstance(DependencyInjectionTestExecutionListener.java:83) ~[spring-test-4.2.6.RELEASE.jar:4.2.6.RELEASE]
	at org.springframework.test.context.TestContextManager.prepareTestInstance(TestContextManager.java:228) ~[spring-test-4.2.6.RELEASE.jar:4.2.6.RELEASE]
	at org.springframework.test.context.junit4.SpringJUnit4ClassRunner.createTest(SpringJUnit4ClassRunner.java:230) ~[spring-test-4.2.6.RELEASE.jar:4.2.6.RELEASE]
	at org.springframework.test.context.junit4.SpringJUnit4ClassRunner$1.runReflectiveCall(SpringJUnit4ClassRunner.java:289) ~[spring-test-4.2.6.RELEASE.jar:4.2.6.RELEASE]
	at org.junit.internal.runners.model.ReflectiveCallable.run(ReflectiveCallable.java:12) ~[junit-4.12.jar:4.12]
	at org.springframework.test.context.junit4.SpringJUnit4ClassRunner.methodBlock(SpringJUnit4ClassRunner.java:291) ~[spring-test-4.2.6.RELEASE.jar:4.2.6.RELEASE]
	at org.springframework.test.context.junit4.SpringJUnit4ClassRunner.runChild(SpringJUnit4ClassRunner.java:249) ~[spring-test-4.2.6.RELEASE.jar:4.2.6.RELEASE]
	at org.springframework.test.context.junit4.SpringJUnit4ClassRunner.runChild(SpringJUnit4ClassRunner.java:89) ~[spring-test-4.2.6.RELEASE.jar:4.2.6.RELEASE]
	at org.junit.runners.ParentRunner$3.run(ParentRunner.java:290) ~[junit-4.12.jar:4.12]
	at org.junit.runners.ParentRunner$1.schedule(ParentRunner.java:71) ~[junit-4.12.jar:4.12]
	at org.junit.runners.ParentRunner.runChildren(ParentRunner.java:288) ~[junit-4.12.jar:4.12]
	at org.junit.runners.ParentRunner.access$000(ParentRunner.java:58) ~[junit-4.12.jar:4.12]
	at org.junit.runners.ParentRunner$2.evaluate(ParentRunner.java:268) ~[junit-4.12.jar:4.12]
	at org.springframework.test.context.junit4.statements.RunBeforeTestClassCallbacks.evaluate(RunBeforeTestClassCallbacks.java:61) ~[spring-test-4.2.6.RELEASE.jar:4.2.6.RELEASE]
	at org.springframework.test.context.junit4.statements.RunAfterTestClassCallbacks.evaluate(RunAfterTestClassCallbacks.java:70) ~[spring-test-4.2.6.RELEASE.jar:4.2.6.RELEASE]
	at org.junit.runners.ParentRunner.run(ParentRunner.java:363) ~[junit-4.12.jar:4.12]
	at org.springframework.test.context.junit4.SpringJUnit4ClassRunner.run(SpringJUnit4ClassRunner.java:193) ~[spring-test-4.2.6.RELEASE.jar:4.2.6.RELEASE]
	at org.eclipse.jdt.internal.junit4.runner.JUnit4TestReference.run(JUnit4TestReference.java:86) ~[.cp/:?]
	at org.eclipse.jdt.internal.junit.runner.TestExecution.run(TestExecution.java:38) ~[.cp/:?]
	at org.eclipse.jdt.internal.junit.runner.RemoteTestRunner.runTests(RemoteTestRunner.java:459) ~[.cp/:?]
	at org.eclipse.jdt.internal.junit.runner.RemoteTestRunner.runTests(RemoteTestRunner.java:675) ~[.cp/:?]
	at org.eclipse.jdt.internal.junit.runner.RemoteTestRunner.run(RemoteTestRunner.java:382) ~[.cp/:?]
	at org.eclipse.jdt.internal.junit.runner.RemoteTestRunner.main(RemoteTestRunner.java:192) ~[.cp/:?]
Caused by: org.springframework.beans.factory.BeanCreationException: Error creating bean with name 'newsDao': Invocation of init method failed; nested exception is java.lang.IllegalArgumentException: Not a managed type: class yang.see.entity.News
	at org.springframework.beans.factory.support.AbstractAutowireCapableBeanFactory.initializeBean(AbstractAutowireCapableBeanFactory.java:1578) ~[spring-beans-4.2.6.RELEASE.jar:4.2.6.RELEASE]
	at org.springframework.beans.factory.support.AbstractAutowireCapableBeanFactory.doCreateBean(AbstractAutowireCapableBeanFactory.java:545) ~[spring-beans-4.2.6.RELEASE.jar:4.2.6.RELEASE]
	at org.springframework.beans.factory.support.AbstractAutowireCapableBeanFactory.createBean(AbstractAutowireCapableBeanFactory.java:482) ~[spring-beans-4.2.6.RELEASE.jar:4.2.6.RELEASE]
	at org.springframework.beans.factory.support.AbstractBeanFactory$1.getObject(AbstractBeanFactory.java:306) ~[spring-beans-4.2.6.RELEASE.jar:4.2.6.RELEASE]
	at org.springframework.beans.factory.support.DefaultSingletonBeanRegistry.getSingleton(DefaultSingletonBeanRegistry.java:230) ~[spring-beans-4.2.6.RELEASE.jar:4.2.6.RELEASE]
	at org.springframework.beans.factory.support.AbstractBeanFactory.doGetBean(AbstractBeanFactory.java:302) ~[spring-beans-4.2.6.RELEASE.jar:4.2.6.RELEASE]
	at org.springframework.beans.factory.support.AbstractBeanFactory.getBean(AbstractBeanFactory.java:197) ~[spring-beans-4.2.6.RELEASE.jar:4.2.6.RELEASE]
	at org.springframework.beans.factory.support.DefaultListableBeanFactory.preInstantiateSingletons(DefaultListableBeanFactory.java:753) ~[spring-beans-4.2.6.RELEASE.jar:4.2.6.RELEASE]
	at org.springframework.context.support.AbstractApplicationContext.finishBeanFactoryInitialization(AbstractApplicationContext.java:839) ~[spring-context-4.2.6.RELEASE.jar:4.2.6.RELEASE]
	at org.springframework.context.support.AbstractApplicationContext.refresh(AbstractApplicationContext.java:538) ~[spring-context-4.2.6.RELEASE.jar:4.2.6.RELEASE]
	at org.springframework.test.context.support.AbstractGenericContextLoader.loadContext(AbstractGenericContextLoader.java:125) ~[spring-test-4.2.6.RELEASE.jar:4.2.6.RELEASE]
	at org.springframework.test.context.support.AbstractGenericContextLoader.loadContext(AbstractGenericContextLoader.java:60) ~[spring-test-4.2.6.RELEASE.jar:4.2.6.RELEASE]
	at org.springframework.test.context.support.AbstractDelegatingSmartContextLoader.delegateLoading(AbstractDelegatingSmartContextLoader.java:109) ~[spring-test-4.2.6.RELEASE.jar:4.2.6.RELEASE]
	at org.springframework.test.context.support.AbstractDelegatingSmartContextLoader.loadContext(AbstractDelegatingSmartContextLoader.java:261) ~[spring-test-4.2.6.RELEASE.jar:4.2.6.RELEASE]
	at org.springframework.test.context.cache.DefaultCacheAwareContextLoaderDelegate.loadContextInternal(DefaultCacheAwareContextLoaderDelegate.java:98) ~[spring-test-4.2.6.RELEASE.jar:4.2.6.RELEASE]
	at org.springframework.test.context.cache.DefaultCacheAwareContextLoaderDelegate.loadContext(DefaultCacheAwareContextLoaderDelegate.java:116) ~[spring-test-4.2.6.RELEASE.jar:4.2.6.RELEASE]
	... 25 more
Caused by: java.lang.IllegalArgumentException: Not a managed type: class yang.see.entity.News
	at org.hibernate.metamodel.internal.MetamodelImpl.managedType(MetamodelImpl.java:472) ~[hibernate-core-5.2.10.Final.jar:5.2.10.Final]
	at org.springframework.data.jpa.repository.support.JpaMetamodelEntityInformation.<init>(JpaMetamodelEntityInformation.java:68) ~[spring-data-jpa-1.10.2.RELEASE.jar:?]
	at org.springframework.data.jpa.repository.support.JpaEntityInformationSupport.getEntityInformation(JpaEntityInformationSupport.java:67) ~[spring-data-jpa-1.10.2.RELEASE.jar:?]
	at org.springframework.data.jpa.repository.support.JpaRepositoryFactory.getEntityInformation(JpaRepositoryFactory.java:152) ~[spring-data-jpa-1.10.2.RELEASE.jar:?]
	at org.springframework.data.jpa.repository.support.JpaRepositoryFactory.getTargetRepository(JpaRepositoryFactory.java:99) ~[spring-data-jpa-1.10.2.RELEASE.jar:?]
	at org.springframework.data.jpa.repository.support.JpaRepositoryFactory.getTargetRepository(JpaRepositoryFactory.java:81) ~[spring-data-jpa-1.10.2.RELEASE.jar:?]
	at org.springframework.data.repository.core.support.RepositoryFactorySupport.getRepository(RepositoryFactorySupport.java:199) ~[spring-data-commons-1.12.2.RELEASE.jar:?]
	at org.springframework.data.repository.core.support.RepositoryFactoryBeanSupport.initAndReturn(RepositoryFactoryBeanSupport.java:266) ~[spring-data-commons-1.12.2.RELEASE.jar:?]
	at org.springframework.data.repository.core.support.RepositoryFactoryBeanSupport.afterPropertiesSet(RepositoryFactoryBeanSupport.java:252) ~[spring-data-commons-1.12.2.RELEASE.jar:?]
	at org.springframework.data.jpa.repository.support.JpaRepositoryFactoryBean.afterPropertiesSet(JpaRepositoryFactoryBean.java:92) ~[spring-data-jpa-1.10.2.RELEASE.jar:?]
	at org.springframework.beans.factory.support.AbstractAutowireCapableBeanFactory.invokeInitMethods(AbstractAutowireCapableBeanFactory.java:1637) ~[spring-beans-4.2.6.RELEASE.jar:4.2.6.RELEASE]
	at org.springframework.beans.factory.support.AbstractAutowireCapableBeanFactory.initializeBean(AbstractAutowireCapableBeanFactory.java:1574) ~[spring-beans-4.2.6.RELEASE.jar:4.2.6.RELEASE]
	at org.springframework.beans.factory.support.AbstractAutowireCapableBeanFactory.doCreateBean(AbstractAutowireCapableBeanFactory.java:545) ~[spring-beans-4.2.6.RELEASE.jar:4.2.6.RELEASE]
	at org.springframework.beans.factory.support.AbstractAutowireCapableBeanFactory.createBean(AbstractAutowireCapableBeanFactory.java:482) ~[spring-beans-4.2.6.RELEASE.jar:4.2.6.RELEASE]
	at org.springframework.beans.factory.support.AbstractBeanFactory$1.getObject(AbstractBeanFactory.java:306) ~[spring-beans-4.2.6.RELEASE.jar:4.2.6.RELEASE]
	at org.springframework.beans.factory.support.DefaultSingletonBeanRegistry.getSingleton(DefaultSingletonBeanRegistry.java:230) ~[spring-beans-4.2.6.RELEASE.jar:4.2.6.RELEASE]
	at org.springframework.beans.factory.support.AbstractBeanFactory.doGetBean(AbstractBeanFactory.java:302) ~[spring-beans-4.2.6.RELEASE.jar:4.2.6.RELEASE]
	at org.springframework.beans.factory.support.AbstractBeanFactory.getBean(AbstractBeanFactory.java:197) ~[spring-beans-4.2.6.RELEASE.jar:4.2.6.RELEASE]
	at org.springframework.beans.factory.support.DefaultListableBeanFactory.preInstantiateSingletons(DefaultListableBeanFactory.java:753) ~[spring-beans-4.2.6.RELEASE.jar:4.2.6.RELEASE]
	at org.springframework.context.support.AbstractApplicationContext.finishBeanFactoryInitialization(AbstractApplicationContext.java:839) ~[spring-context-4.2.6.RELEASE.jar:4.2.6.RELEASE]
	at org.springframework.context.support.AbstractApplicationContext.refresh(AbstractApplicationContext.java:538) ~[spring-context-4.2.6.RELEASE.jar:4.2.6.RELEASE]
	at org.springframework.test.context.support.AbstractGenericContextLoader.loadContext(AbstractGenericContextLoader.java:125) ~[spring-test-4.2.6.RELEASE.jar:4.2.6.RELEASE]
	at org.springframework.test.context.support.AbstractGenericContextLoader.loadContext(AbstractGenericContextLoader.java:60) ~[spring-test-4.2.6.RELEASE.jar:4.2.6.RELEASE]
	at org.springframework.test.context.support.AbstractDelegatingSmartContextLoader.delegateLoading(AbstractDelegatingSmartContextLoader.java:109) ~[spring-test-4.2.6.RELEASE.jar:4.2.6.RELEASE]
	at org.springframework.test.context.support.AbstractDelegatingSmartContextLoader.loadContext(AbstractDelegatingSmartContextLoader.java:261) ~[spring-test-4.2.6.RELEASE.jar:4.2.6.RELEASE]
	at org.springframework.test.context.cache.DefaultCacheAwareContextLoaderDelegate.loadContextInternal(DefaultCacheAwareContextLoaderDelegate.java:98) ~[spring-test-4.2.6.RELEASE.jar:4.2.6.RELEASE]
	at org.springframework.test.context.cache.DefaultCacheAwareContextLoaderDelegate.loadContext(DefaultCacheAwareContextLoaderDelegate.java:116) ~[spring-test-4.2.6.RELEASE.jar:4.2.6.RELEASE]
	... 25 more
14:14:41.927 [INFO ] org.springframework.test.context.support.DefaultTestContextBootstrapper Loaded default TestExecutionListener class names from location [META-INF/spring.factories]: [org.springframework.test.context.web.ServletTestExecutionListener, org.springframework.test.context.support.DirtiesContextBeforeModesTestExecutionListener, org.springframework.test.context.support.DependencyInjectionTestExecutionListener, org.springframework.test.context.support.DirtiesContextTestExecutionListener, org.springframework.test.context.transaction.TransactionalTestExecutionListener, org.springframework.test.context.jdbc.SqlScriptsTestExecutionListener]
14:14:41.936 [INFO ] org.springframework.test.context.support.DefaultTestContextBootstrapper Using TestExecutionListeners: [org.springframework.test.context.web.ServletTestExecutionListener@2d7275fc, org.springframework.test.context.support.DirtiesContextBeforeModesTestExecutionListener@399f45b1, org.springframework.test.context.support.DependencyInjectionTestExecutionListener@38c6f217, org.springframework.test.context.support.DirtiesContextTestExecutionListener@478190fc, org.springframework.test.context.transaction.TransactionalTestExecutionListener@79e2c065, org.springframework.test.context.jdbc.SqlScriptsTestExecutionListener@3a93b025]
14:14:42.052 [INFO ] org.springframework.beans.factory.xml.XmlBeanDefinitionReader Loading XML bean definitions from class path resource [application-context.xml]
14:14:42.157 [INFO ] org.springframework.beans.factory.xml.XmlBeanDefinitionReader Loading XML bean definitions from class path resource [spring-mvc.xml]
14:14:42.204 [INFO ] org.springframework.beans.factory.xml.XmlBeanDefinitionReader Loading XML bean definitions from class path resource [spring-db.xml]
14:14:42.373 [INFO ] org.springframework.context.support.GenericApplicationContext Refreshing org.springframework.context.support.GenericApplicationContext@41d477ed: startup date [Fri Nov 03 14:14:42 CST 2017]; root of context hierarchy
14:14:42.573 [INFO ] org.springframework.orm.jpa.persistenceunit.PersistenceUnitReader persistence.xml should be located inside META-INF directory; cannot determine persistence unit root URL for class path resource [persistence.xml]
14:14:42.574 [INFO ] org.springframework.orm.jpa.LocalContainerEntityManagerFactoryBean Building JPA container EntityManagerFactory for persistence unit 'see'
14:14:42.932 [INFO ] com.mchange.v2.log.MLog MLog clients using slf4j logging.
14:14:43.032 [INFO ] com.mchange.v2.c3p0.C3P0Registry Initializing c3p0-0.9.5.2 [built 08-December-2015 22:06:04 -0800; debug? true; trace: 10]
14:14:43.085 [INFO ] com.mchange.v2.c3p0.impl.AbstractPoolBackedDataSource Initializing c3p0 pool... com.mchange.v2.c3p0.PoolBackedDataSource@de3aad76 [ connectionPoolDataSource -> com.mchange.v2.c3p0.WrapperConnectionPoolDataSource@2f9308e3 [ acquireIncrement -> 2, acquireRetryAttempts -> 30, acquireRetryDelay -> 1000, autoCommitOnClose -> false, automaticTestTable -> null, breakAfterAcquireFailure -> false, checkoutTimeout -> 0, connectionCustomizerClassName -> null, connectionTesterClassName -> com.mchange.v2.c3p0.impl.DefaultConnectionTester, contextClassLoaderSource -> caller, debugUnreturnedConnectionStackTraces -> false, factoryClassLocation -> null, forceIgnoreUnresolvedTransactions -> false, forceSynchronousCheckins -> false, identityToken -> 2zroyo9rznq1as1rdy0nv|1c807b1d, idleConnectionTestPeriod -> 3000, initialPoolSize -> 5, maxAdministrativeTaskTime -> 0, maxConnectionAge -> 0, maxIdleTime -> 5000, maxIdleTimeExcessConnections -> 0, maxPoolSize -> 20, maxStatements -> 10, maxStatementsPerConnection -> 0, minPoolSize -> 5, nestedDataSource -> com.mchange.v2.c3p0.DriverManagerDataSource@d4a935ae [ description -> null, driverClass -> null, factoryClassLocation -> null, forceUseNamedDriverClass -> false, identityToken -> 2zroyo9rznq1as1rdy0nv|3113a37, jdbcUrl -> jdbc:mysql://127.0.0.1:3306/see?useUnicode=true&useSSL=false, properties -> {user=******, password=******} ], preferredTestQuery -> null, privilegeSpawnedThreads -> false, propertyCycle -> 0, statementCacheNumDeferredCloseThreads -> 0, testConnectionOnCheckin -> false, testConnectionOnCheckout -> false, unreturnedConnectionTimeout -> 0, usesTraditionalReflectiveProxies -> false; userOverrides: {} ], dataSourceName -> null, extensions -> {}, factoryClassLocation -> null, identityToken -> 2zroyo9rznq1as1rdy0nv|1cfd1875, numHelperThreads -> 3 ]
14:14:44.158 [INFO ] org.springframework.web.servlet.mvc.method.annotation.RequestMappingHandlerAdapter Looking for @ControllerAdvice: org.springframework.context.support.GenericApplicationContext@41d477ed: startup date [Fri Nov 03 14:14:42 CST 2017]; root of context hierarchy
14:14:44.219 [INFO ] org.springframework.web.servlet.mvc.method.annotation.RequestMappingHandlerAdapter Looking for @ControllerAdvice: org.springframework.context.support.GenericApplicationContext@41d477ed: startup date [Fri Nov 03 14:14:42 CST 2017]; root of context hierarchy
14:14:44.295 [INFO ] org.springframework.web.servlet.handler.SimpleUrlHandlerMapping Mapped URL path [/static/**] onto handler 'org.springframework.web.servlet.resource.ResourceHttpRequestHandler#0'
14:14:44.785 [INFO ] org.springframework.context.support.GenericApplicationContext Closing org.springframework.context.support.GenericApplicationContext@41d477ed: startup date [Fri Nov 03 14:14:42 CST 2017]; root of context hierarchy
14:14:44.790 [INFO ] org.springframework.orm.jpa.LocalContainerEntityManagerFactoryBean Closing JPA EntityManagerFactory for persistence unit 'see'
14:15:55.580 [INFO ] org.springframework.test.context.support.DefaultTestContextBootstrapper Loaded default TestExecutionListener class names from location [META-INF/spring.factories]: [org.springframework.test.context.web.ServletTestExecutionListener, org.springframework.test.context.support.DirtiesContextBeforeModesTestExecutionListener, org.springframework.test.context.support.DependencyInjectionTestExecutionListener, org.springframework.test.context.support.DirtiesContextTestExecutionListener, org.springframework.test.context.transaction.TransactionalTestExecutionListener, org.springframework.test.context.jdbc.SqlScriptsTestExecutionListener]
14:15:55.591 [INFO ] org.springframework.test.context.support.DefaultTestContextBootstrapper Using TestExecutionListeners: [org.springframework.test.context.web.ServletTestExecutionListener@399f45b1, org.springframework.test.context.support.DirtiesContextBeforeModesTestExecutionListener@38c6f217, org.springframework.test.context.support.DependencyInjectionTestExecutionListener@478190fc, org.springframework.test.context.support.DirtiesContextTestExecutionListener@79e2c065, org.springframework.test.context.transaction.TransactionalTestExecutionListener@3a93b025, org.springframework.test.context.jdbc.SqlScriptsTestExecutionListener@35cabb2a]
14:15:55.690 [INFO ] org.springframework.beans.factory.xml.XmlBeanDefinitionReader Loading XML bean definitions from class path resource [application-context.xml]
14:15:55.788 [INFO ] org.springframework.beans.factory.xml.XmlBeanDefinitionReader Loading XML bean definitions from class path resource [spring-mvc.xml]
14:15:55.857 [INFO ] org.springframework.beans.factory.xml.XmlBeanDefinitionReader Loading XML bean definitions from class path resource [spring-db.xml]
14:15:56.016 [INFO ] org.springframework.context.support.GenericApplicationContext Refreshing org.springframework.context.support.GenericApplicationContext@78691363: startup date [Fri Nov 03 14:15:56 CST 2017]; root of context hierarchy
14:15:56.221 [INFO ] org.springframework.orm.jpa.persistenceunit.PersistenceUnitReader persistence.xml should be located inside META-INF directory; cannot determine persistence unit root URL for class path resource [persistence.xml]
14:15:56.225 [INFO ] org.springframework.orm.jpa.LocalContainerEntityManagerFactoryBean Building JPA container EntityManagerFactory for persistence unit 'see'
14:15:56.541 [INFO ] com.mchange.v2.log.MLog MLog clients using slf4j logging.
14:15:56.643 [INFO ] com.mchange.v2.c3p0.C3P0Registry Initializing c3p0-0.9.5.2 [built 08-December-2015 22:06:04 -0800; debug? true; trace: 10]
14:15:56.689 [INFO ] com.mchange.v2.c3p0.impl.AbstractPoolBackedDataSource Initializing c3p0 pool... com.mchange.v2.c3p0.PoolBackedDataSource@fe1f9bc5 [ connectionPoolDataSource -> com.mchange.v2.c3p0.WrapperConnectionPoolDataSource@2d38387f [ acquireIncrement -> 2, acquireRetryAttempts -> 30, acquireRetryDelay -> 1000, autoCommitOnClose -> false, automaticTestTable -> null, breakAfterAcquireFailure -> false, checkoutTimeout -> 0, connectionCustomizerClassName -> null, connectionTesterClassName -> com.mchange.v2.c3p0.impl.DefaultConnectionTester, contextClassLoaderSource -> caller, debugUnreturnedConnectionStackTraces -> false, factoryClassLocation -> null, forceIgnoreUnresolvedTransactions -> false, forceSynchronousCheckins -> false, identityToken -> 2zroyo9rznrm3fl4qj00|46cf05f7, idleConnectionTestPeriod -> 3000, initialPoolSize -> 5, maxAdministrativeTaskTime -> 0, maxConnectionAge -> 0, maxIdleTime -> 5000, maxIdleTimeExcessConnections -> 0, maxPoolSize -> 20, maxStatements -> 10, maxStatementsPerConnection -> 0, minPoolSize -> 5, nestedDataSource -> com.mchange.v2.c3p0.DriverManagerDataSource@10661790 [ description -> null, driverClass -> null, factoryClassLocation -> null, forceUseNamedDriverClass -> false, identityToken -> 2zroyo9rznrm3fl4qj00|6ce1f601, jdbcUrl -> jdbc:mysql://127.0.0.1:3306/see?useUnicode=true&useSSL=false, properties -> {user=******, password=******} ], preferredTestQuery -> null, privilegeSpawnedThreads -> false, propertyCycle -> 0, statementCacheNumDeferredCloseThreads -> 0, testConnectionOnCheckin -> false, testConnectionOnCheckout -> false, unreturnedConnectionTimeout -> 0, usesTraditionalReflectiveProxies -> false; userOverrides: {} ], dataSourceName -> null, extensions -> {}, factoryClassLocation -> null, identityToken -> 2zroyo9rznrm3fl4qj00|6e0ff644, numHelperThreads -> 3 ]
14:15:57.697 [INFO ] org.springframework.web.servlet.mvc.method.annotation.RequestMappingHandlerAdapter Looking for @ControllerAdvice: org.springframework.context.support.GenericApplicationContext@78691363: startup date [Fri Nov 03 14:15:56 CST 2017]; root of context hierarchy
14:15:57.726 [INFO ] org.springframework.web.servlet.mvc.method.annotation.RequestMappingHandlerAdapter Looking for @ControllerAdvice: org.springframework.context.support.GenericApplicationContext@78691363: startup date [Fri Nov 03 14:15:56 CST 2017]; root of context hierarchy
14:15:57.778 [INFO ] org.springframework.web.servlet.handler.SimpleUrlHandlerMapping Mapped URL path [/static/**] onto handler 'org.springframework.web.servlet.resource.ResourceHttpRequestHandler#0'
14:15:58.204 [INFO ] org.springframework.context.support.GenericApplicationContext Closing org.springframework.context.support.GenericApplicationContext@78691363: startup date [Fri Nov 03 14:15:56 CST 2017]; root of context hierarchy
14:15:58.208 [INFO ] org.springframework.orm.jpa.LocalContainerEntityManagerFactoryBean Closing JPA EntityManagerFactory for persistence unit 'see'
14:47:23.936 [INFO ] org.springframework.test.context.support.DefaultTestContextBootstrapper Loaded default TestExecutionListener class names from location [META-INF/spring.factories]: [org.springframework.test.context.web.ServletTestExecutionListener, org.springframework.test.context.support.DirtiesContextBeforeModesTestExecutionListener, org.springframework.test.context.support.DependencyInjectionTestExecutionListener, org.springframework.test.context.support.DirtiesContextTestExecutionListener, org.springframework.test.context.transaction.TransactionalTestExecutionListener, org.springframework.test.context.jdbc.SqlScriptsTestExecutionListener]
14:47:23.950 [INFO ] org.springframework.test.context.support.DefaultTestContextBootstrapper Using TestExecutionListeners: [org.springframework.test.context.web.ServletTestExecutionListener@38c6f217, org.springframework.test.context.support.DirtiesContextBeforeModesTestExecutionListener@478190fc, org.springframework.test.context.support.DependencyInjectionTestExecutionListener@79e2c065, org.springframework.test.context.support.DirtiesContextTestExecutionListener@3a93b025, org.springframework.test.context.transaction.TransactionalTestExecutionListener@35cabb2a, org.springframework.test.context.jdbc.SqlScriptsTestExecutionListener@7e07db1f]
14:47:24.055 [INFO ] org.springframework.beans.factory.xml.XmlBeanDefinitionReader Loading XML bean definitions from class path resource [application-context.xml]
14:47:24.167 [INFO ] org.springframework.beans.factory.xml.XmlBeanDefinitionReader Loading XML bean definitions from class path resource [spring-mvc.xml]
14:47:24.210 [INFO ] org.springframework.beans.factory.xml.XmlBeanDefinitionReader Loading XML bean definitions from class path resource [spring-db.xml]
14:47:24.353 [INFO ] org.springframework.context.support.GenericApplicationContext Refreshing org.springframework.context.support.GenericApplicationContext@41d477ed: startup date [Fri Nov 03 14:47:24 CST 2017]; root of context hierarchy
14:47:24.533 [INFO ] org.springframework.orm.jpa.persistenceunit.PersistenceUnitReader persistence.xml should be located inside META-INF directory; cannot determine persistence unit root URL for class path resource [persistence.xml]
14:47:24.535 [INFO ] org.springframework.orm.jpa.LocalContainerEntityManagerFactoryBean Building JPA container EntityManagerFactory for persistence unit 'see'
14:47:24.925 [INFO ] com.mchange.v2.log.MLog MLog clients using slf4j logging.
14:47:24.999 [INFO ] com.mchange.v2.c3p0.C3P0Registry Initializing c3p0-0.9.5.2 [built 08-December-2015 22:06:04 -0800; debug? true; trace: 10]
14:47:25.051 [INFO ] com.mchange.v2.c3p0.impl.AbstractPoolBackedDataSource Initializing c3p0 pool... com.mchange.v2.c3p0.PoolBackedDataSource@c253cfe [ connectionPoolDataSource -> com.mchange.v2.c3p0.WrapperConnectionPoolDataSource@c84d514e [ acquireIncrement -> 2, acquireRetryAttempts -> 30, acquireRetryDelay -> 1000, autoCommitOnClose -> false, automaticTestTable -> null, breakAfterAcquireFailure -> false, checkoutTimeout -> 0, connectionCustomizerClassName -> null, connectionTesterClassName -> com.mchange.v2.c3p0.impl.DefaultConnectionTester, contextClassLoaderSource -> caller, debugUnreturnedConnectionStackTraces -> false, factoryClassLocation -> null, forceIgnoreUnresolvedTransactions -> false, forceSynchronousCheckins -> false, identityToken -> 2zroyo9rzow35g1xkpkw9|6d1310f6, idleConnectionTestPeriod -> 3000, initialPoolSize -> 5, maxAdministrativeTaskTime -> 0, maxConnectionAge -> 0, maxIdleTime -> 5000, maxIdleTimeExcessConnections -> 0, maxPoolSize -> 20, maxStatements -> 10, maxStatementsPerConnection -> 0, minPoolSize -> 5, nestedDataSource -> com.mchange.v2.c3p0.DriverManagerDataSource@5955269d [ description -> null, driverClass -> null, factoryClassLocation -> null, forceUseNamedDriverClass -> false, identityToken -> 2zroyo9rzow35g1xkpkw9|77b21474, jdbcUrl -> jdbc:mysql://127.0.0.1:3306/see?useUnicode=true&useSSL=false, properties -> {user=******, password=******} ], preferredTestQuery -> null, privilegeSpawnedThreads -> false, propertyCycle -> 0, statementCacheNumDeferredCloseThreads -> 0, testConnectionOnCheckin -> false, testConnectionOnCheckout -> false, unreturnedConnectionTimeout -> 0, usesTraditionalReflectiveProxies -> false; userOverrides: {} ], dataSourceName -> null, extensions -> {}, factoryClassLocation -> null, identityToken -> 2zroyo9rzow35g1xkpkw9|7577b641, numHelperThreads -> 3 ]
14:47:26.092 [INFO ] org.springframework.web.servlet.mvc.method.annotation.RequestMappingHandlerAdapter Looking for @ControllerAdvice: org.springframework.context.support.GenericApplicationContext@41d477ed: startup date [Fri Nov 03 14:47:24 CST 2017]; root of context hierarchy
14:47:26.119 [INFO ] org.springframework.web.servlet.mvc.method.annotation.RequestMappingHandlerAdapter Looking for @ControllerAdvice: org.springframework.context.support.GenericApplicationContext@41d477ed: startup date [Fri Nov 03 14:47:24 CST 2017]; root of context hierarchy
14:47:26.164 [INFO ] org.springframework.web.servlet.handler.SimpleUrlHandlerMapping Mapped URL path [/static/**] onto handler 'org.springframework.web.servlet.resource.ResourceHttpRequestHandler#0'
14:47:26.598 [INFO ] org.springframework.context.support.GenericApplicationContext Closing org.springframework.context.support.GenericApplicationContext@41d477ed: startup date [Fri Nov 03 14:47:24 CST 2017]; root of context hierarchy
14:47:26.601 [INFO ] org.springframework.orm.jpa.LocalContainerEntityManagerFactoryBean Closing JPA EntityManagerFactory for persistence unit 'see'
14:49:21.451 [INFO ] org.springframework.test.context.support.DefaultTestContextBootstrapper Loaded default TestExecutionListener class names from location [META-INF/spring.factories]: [org.springframework.test.context.web.ServletTestExecutionListener, org.springframework.test.context.support.DirtiesContextBeforeModesTestExecutionListener, org.springframework.test.context.support.DependencyInjectionTestExecutionListener, org.springframework.test.context.support.DirtiesContextTestExecutionListener, org.springframework.test.context.transaction.TransactionalTestExecutionListener, org.springframework.test.context.jdbc.SqlScriptsTestExecutionListener]
14:49:21.462 [INFO ] org.springframework.test.context.support.DefaultTestContextBootstrapper Using TestExecutionListeners: [org.springframework.test.context.web.ServletTestExecutionListener@38c6f217, org.springframework.test.context.support.DirtiesContextBeforeModesTestExecutionListener@478190fc, org.springframework.test.context.support.DependencyInjectionTestExecutionListener@79e2c065, org.springframework.test.context.support.DirtiesContextTestExecutionListener@3a93b025, org.springframework.test.context.transaction.TransactionalTestExecutionListener@35cabb2a, org.springframework.test.context.jdbc.SqlScriptsTestExecutionListener@7e07db1f]
14:49:21.549 [INFO ] org.springframework.beans.factory.xml.XmlBeanDefinitionReader Loading XML bean definitions from class path resource [application-context.xml]
14:49:21.651 [INFO ] org.springframework.beans.factory.xml.XmlBeanDefinitionReader Loading XML bean definitions from class path resource [spring-mvc.xml]
14:49:21.702 [INFO ] org.springframework.beans.factory.xml.XmlBeanDefinitionReader Loading XML bean definitions from class path resource [spring-db.xml]
14:49:21.838 [INFO ] org.springframework.context.support.GenericApplicationContext Refreshing org.springframework.context.support.GenericApplicationContext@41d477ed: startup date [Fri Nov 03 14:49:21 CST 2017]; root of context hierarchy
14:49:22.008 [INFO ] org.springframework.orm.jpa.persistenceunit.PersistenceUnitReader persistence.xml should be located inside META-INF directory; cannot determine persistence unit root URL for class path resource [persistence.xml]
14:49:22.009 [INFO ] org.springframework.orm.jpa.LocalContainerEntityManagerFactoryBean Building JPA container EntityManagerFactory for persistence unit 'see'
14:49:22.412 [INFO ] com.mchange.v2.log.MLog MLog clients using slf4j logging.
14:49:22.500 [INFO ] com.mchange.v2.c3p0.C3P0Registry Initializing c3p0-0.9.5.2 [built 08-December-2015 22:06:04 -0800; debug? true; trace: 10]
14:49:22.548 [INFO ] com.mchange.v2.c3p0.impl.AbstractPoolBackedDataSource Initializing c3p0 pool... com.mchange.v2.c3p0.PoolBackedDataSource@cb7e13d9 [ connectionPoolDataSource -> com.mchange.v2.c3p0.WrapperConnectionPoolDataSource@87a62829 [ acquireIncrement -> 2, acquireRetryAttempts -> 30, acquireRetryDelay -> 1000, autoCommitOnClose -> false, automaticTestTable -> null, breakAfterAcquireFailure -> false, checkoutTimeout -> 0, connectionCustomizerClassName -> null, connectionTesterClassName -> com.mchange.v2.c3p0.impl.DefaultConnectionTester, contextClassLoaderSource -> caller, debugUnreturnedConnectionStackTraces -> false, factoryClassLocation -> null, forceIgnoreUnresolvedTransactions -> false, forceSynchronousCheckins -> false, identityToken -> 2zroyo9rzoyltm16f55yr|6d1310f6, idleConnectionTestPeriod -> 3000, initialPoolSize -> 5, maxAdministrativeTaskTime -> 0, maxConnectionAge -> 0, maxIdleTime -> 5000, maxIdleTimeExcessConnections -> 0, maxPoolSize -> 20, maxStatements -> 10, maxStatementsPerConnection -> 0, minPoolSize -> 5, nestedDataSource -> com.mchange.v2.c3p0.DriverManagerDataSource@18adfd78 [ description -> null, driverClass -> null, factoryClassLocation -> null, forceUseNamedDriverClass -> false, identityToken -> 2zroyo9rzoyltm16f55yr|77b21474, jdbcUrl -> jdbc:mysql://127.0.0.1:3306/see?useUnicode=true&useSSL=false, properties -> {user=******, password=******} ], preferredTestQuery -> null, privilegeSpawnedThreads -> false, propertyCycle -> 0, statementCacheNumDeferredCloseThreads -> 0, testConnectionOnCheckin -> false, testConnectionOnCheckout -> false, unreturnedConnectionTimeout -> 0, usesTraditionalReflectiveProxies -> false; userOverrides: {} ], dataSourceName -> null, extensions -> {}, factoryClassLocation -> null, identityToken -> 2zroyo9rzoyltm16f55yr|7577b641, numHelperThreads -> 3 ]
14:49:23.466 [INFO ] org.springframework.web.servlet.mvc.method.annotation.RequestMappingHandlerAdapter Looking for @ControllerAdvice: org.springframework.context.support.GenericApplicationContext@41d477ed: startup date [Fri Nov 03 14:49:21 CST 2017]; root of context hierarchy
14:49:23.497 [INFO ] org.springframework.web.servlet.mvc.method.annotation.RequestMappingHandlerAdapter Looking for @ControllerAdvice: org.springframework.context.support.GenericApplicationContext@41d477ed: startup date [Fri Nov 03 14:49:21 CST 2017]; root of context hierarchy
14:49:23.534 [INFO ] org.springframework.web.servlet.handler.SimpleUrlHandlerMapping Mapped URL path [/static/**] onto handler 'org.springframework.web.servlet.resource.ResourceHttpRequestHandler#0'
14:49:23.968 [INFO ] org.springframework.context.support.GenericApplicationContext Closing org.springframework.context.support.GenericApplicationContext@41d477ed: startup date [Fri Nov 03 14:49:21 CST 2017]; root of context hierarchy
14:49:23.972 [INFO ] org.springframework.orm.jpa.LocalContainerEntityManagerFactoryBean Closing JPA EntityManagerFactory for persistence unit 'see'
